[0mGET /api/v1/books [31m500[0m 6.443 ms - 63[0m
[0mGET /api/v1/books [32m200[0m 636.995 ms - 1151[0m
[0mGET /api/v1/books?page=2 [32m200[0m 572.003 ms - 1118[0m
[0mGET /api/v1/books?page=2&select=name%20price%20rating%20content%20balance [31m500[0m 648.977 ms - 93[0m
[0mGET /api/v1/books?page=2&select=name%20price%20rating%20content%20balance [32m200[0m 586.423 ms - 813[0m
[0mGET /api/v1/books?page=2&select=name%20price%20rating%20content%20balance [32m200[0m 584.778 ms - 821[0m
[0mGET /api/v1/books?page=2&select=name%20price%20rating%20content%20balance&rating[$gt]=2.5 [32m200[0m 789.639 ms - 821[0m
[0mGET /api/v1/books?page=1&limit=20&select=name%20price%20rating%20content%20balance&rating[$gt]=2.5 [32m200[0m 607.679 ms - 1541[0m
[0mGET /api/v1/books?page=1&limit=20&select=name%20price%20rating%20content%20balance&rating[$gt]=5.5 [32m200[0m 1014.284 ms - 482[0m
[0mGET /api/v1/books?page=1&limit=20&select=name%20price%20rating%20content%20balance&rating[$gt]=5 [32m200[0m 441.387 ms - 482[0m
[0mGET /api/v1/books?page=1&limit=20&select=name%20price%20rating%20content%20balance&rating[$gt]=4 [32m200[0m 544.747 ms - 834[0m
[0mGET /api/v1/books?page=1&limit=20&select=name%20price%20rating%20content%20balance&rating[$gte]=4 [32m200[0m 578.366 ms - 1541[0m
[0mGET /api/v1/categories/671a5195d9f620ddcef335f6/books [32m200[0m 620.953 ms - 1373[0m
[0mGET /api/v1/categories/671a5195d9f620ddcef335f6/books?sort=rating%20-price%20&limit=1&page=1&select=name [31m500[0m 216.510 ms - 75[0m
[0mGET /api/v1/categories/671a5195d9f620ddcef335f6/books?sort=rating%20-price%20&limit=1&page=1&select=name%20price%20rating [31m500[0m 153.530 ms - 75[0m
[0mGET /api/v1/categories/671a5195d9f620ddcef335f6/books?page=1&limit=20&select=name%20price%20rating%20content%20balance&rating[$gte]=4 [32m200[0m 621.813 ms - 1084[0m
[0mGET /api/v1/categories/671a5195d9f620ddcef335f6/books?page=1&limit=20&select=name%20price%20rating&rating[$gte]=4 [32m200[0m 811.859 ms - 962[0m
[0mGET /api/v1/categories/671a5195d9f620ddcef335f6/books?page=1&limit=20&select=name%20price%20rating&sort=rating [32m200[0m 697.019 ms - 962[0m
[0mGET /api/v1/categories/671a5195d9f620ddcef335f6/books?page=1&limit=20&select=name%20price%20rating&sort=-rating [32m200[0m 465.334 ms - 962[0m
[0mGET /api/v1/categories/671a5195d9f620ddcef335f6/books?page=1&limit=2&select=name%20price%20rating&sort=-rating [32m200[0m 776.889 ms - 974[0m
[0mGET /api/v1/categories/671a5195d9f620ddcef335f6/books?page=1&limit=4&select=name%20price%20rating&sort=-rating [32m200[0m 587.764 ms - 961[0m
[0mGET /api/v1/categories/671a5195d9f620ddcef335f6/books?page=1&limit=4&select=name%20price%20rating&sort=-rating%20price [32m200[0m 465.800 ms - 961[0m
[0mGET /api/v1/categories/671a5195d9f620ddcef335f6/books?page=1&limit=4&select=name%20price%20rating&sort=price%20-rating [32m200[0m 630.355 ms - 961[0m
[0mGET /api/v1/categories/671a5195d9f620ddcef335f6/books?page=1&limit=1&select=name%20price%20rating&sort=price%20-rating [32m200[0m 467.291 ms - 542[0m
[0mPOST /api/v1/users/register [33m404[0m 2.357 ms - 161[0m
[0mPOST /api/v1/users/register [33m404[0m 2.655 ms - 161[0m
[0mPOST /api/v1/users/register [33m404[0m 1.723 ms - 161[0m
[0mPOST /api/v1/users/register [31m500[0m 7.875 ms - 72[0m
[0mPOST /api/v1/users/register [32m200[0m 3.723 ms - 33[0m
[0mPOST /api/v1/users/register [32m200[0m 2.103 ms - 33[0m
[0mPOST /api/v1/users/register [32m200[0m 1.448 ms - 33[0m
[0mPOST /api/v1/users/register [32m200[0m 2.746 ms - 33[0m
[0mPOST /api/v1/users/register [31m500[0m 10026.474 ms - 103[0m
[0mPOST /api/v1/users/register [32m200[0m 148.661 ms - 29[0m
[0mPOST /api/v1/users/register [32m200[0m 231.281 ms - 178[0m
[0mPOST /api/v1/users/ [32m200[0m 270.952 ms - 178[0m
[0mPOST /api/v1/users/ [31m500[0m 41.324 ms - 61[0m
[0mPOST /api/v1/users/ [31m500[0m 269.067 ms - 83[0m
[0mPOST /api/v1/users/ [31m500[0m 269.736 ms - 439[0m
[0mPOST /api/v1/users/ [32m200[0m 323.185 ms - 414[0m
[0mPOST /api/v1/users/login [33m404[0m 1.287 ms - 158[0m
