[0mGET /api/v1/books?limit=20 [32m200[0m 613.338 ms - 2463[0m
[0mPUT /api/v1/books/6720fa71ebbc0891c9792571 [33m400[0m 157.196 ms - 166[0m
[0mPOST /api/v1/users/login [32m200[0m 238.216 ms - 449[0m
[0mPUT /api/v1/books/6720fa71ebbc0891c9792571 [33m400[0m 149.040 ms - 166[0m
[0mGET /api/v1/books?limit=20 [32m200[0m 468.682 ms - 2463[0m
[0mPUT /api/v1/books/67209cd792b2c9c4f9640cba [33m400[0m 162.826 ms - 144[0m
[0mPUT /api/v1/books/6720fa71ebbc0891c9792572 [33m400[0m 155.023 ms - 166[0m
[0mGET /api/v1/users [33m403[0m 4.455 ms - 191[0m
[0mPOST /api/v1/users/login [32m200[0m 212.676 ms - 436[0m
[0mPUT /api/v1/books/6720fa71ebbc0891c9792572 [33m400[0m 153.058 ms - 166[0m
[0mPUT /api/v1/books/6720fa71ebbc0891c9792572 [32m200[0m 728.390 ms - 508[0m
[0mPOST /api/v1/users/login [32m200[0m 234.679 ms - 449[0m
[0mPUT /api/v1/books/6720fa71ebbc0891c9792572 [32m200[0m 902.415 ms - 532[0m
[0mPOST /api/v1/users/login [32m200[0m 218.345 ms - 431[0m
[0mPUT /api/v1/books/6720fa71ebbc0891c9792572 [33m400[0m 264.740 ms - 166[0m
[0mGET /api/v1/books?limit=20 [32m200[0m 489.455 ms - 2463[0m
[0mPOST /api/v1/users/login [32m200[0m 342.188 ms - 436[0m
[0mPUT /api/v1/books/6721eeae4585c14bf8b37cb6 [32m200[0m 949.886 ms - 528[0m
[0mPUT /api/v1/books/6721eeae4585c14bf8b37cb6 [32m200[0m 911.259 ms - 558[0m
[0mGET /api/v1/books?limit=20 [32m200[0m 547.893 ms - 2493[0m
[0mPOST /api/v1/users/login [32m200[0m 418.745 ms - 449[0m
[0mPUT /api/v1/books/6721eeae4585c14bf8b37cb6 [32m200[0m 1048.117 ms - 564[0m
[0mPOST /api/v1/users/login [32m200[0m 306.052 ms - 431[0m
[0mPUT /api/v1/books/6721eeae4585c14bf8b37cb6 [33m400[0m 205.935 ms - 166[0m
[0mPOST /api/v1/users/login [32m200[0m 342.334 ms - 449[0m
[0mGET /api/v1/books?limit=20 [32m200[0m 776.033 ms - 2499[0m
[0mPUT /api/v1/books/6721eeae4585c14bf8b37cb7 [33m400[0m 229.683 ms - 166[0m
[0mGET /api/v1/books?limit=20 [32m200[0m 769.795 ms - 2499[0m
[0mPOST /api/v1/users/login [32m200[0m 634.538 ms - 449[0m
[0mDELETE /api/v1/books/6721eeae4585c14bf8b37cb6 [33m403[0m 14.475 ms - 191[0m
[0mDELETE /api/v1/books/6721eeae4585c14bf8b37cb6 [32m200[0m 419.816 ms - 564[0m
[0mDELETE /api/v1/books/6721eeae4585c14bf8b37cb7 [33m400[0m 180.648 ms - 166[0m
[0mPOST /api/v1/users/login [32m200[0m 427.574 ms - 436[0m
[0mGET /api/v1/books?limit=20 [32m200[0m 521.533 ms - 1880[0m
[0mDELETE /api/v1/books/6721eeae4585c14bf8b37cb8 [32m200[0m 343.257 ms - 544[0m
[0mPOST /api/v1/users/login [32m200[0m 361.396 ms - 431[0m
[0mGET /api/v1/books?limit=20 [32m200[0m 665.464 ms - 1276[0m
[0mDELETE /api/v1/books/6721eeae4585c14bf8b37cb7 [33m400[0m 465.225 ms - 166[0m
[0mDELETE /api/v1/books/6721eeae4585c14bf8b37cb5 [32m200[0m 421.769 ms - 527[0m
[0mGET /api/v1/books?limit=20 [32m200[0m 2296.351 ms - 103[0m
[0mPOST /api/v1/users/forgot-password [32m200[0m 234.296 ms - 85[0m
[0mPOST /api/v1/users/forgot-password [32m200[0m 197.195 ms - 25[0m
[0mPOST /api/v1/users/forgot-password [32m200[0m 160.057 ms - 85[0m
[0mPOST /api/v1/users/forgot-password [32m200[0m 246.119 ms - 85[0m
[0mPOST /api/v1/users/forgot-password [32m200[0m 165.134 ms - 85[0m
[0mPOST /api/v1/users/forgot-password [32m200[0m 265.944 ms - 85[0m
[0mPOST /api/v1/users/forgot-password [32m200[0m 195.586 ms - 85[0m
[0mPOST /api/v1/users/forgot-password [32m200[0m 364.295 ms - 99[0m
[0mPOST /api/v1/users/forgot-password [32m200[0m 274.073 ms - 99[0m
[0mPOST /api/v1/users/forgot-password [31m500[0m 21573.544 ms - 178[0m
[0mPOST /api/v1/users/forgot-password [31m500[0m 21352.786 ms - 178[0m
[0mPOST /api/v1/users/forgot-password [32m200[0m 4027.580 ms - 352[0m
[0mPOST /api/v1/users/forgot-password [31m500[0m 4147.121 ms - 65[0m
[0mPOST /api/v1/users/forgot-password [32m200[0m 4230.160 ms - 352[0m
[0mPOST /api/v1/users/forgot-password [32m200[0m 3995.156 ms - 352[0m
[0mPOST /api/v1/users/reset-password [33m402[0m 179.838 ms - 96[0m
[0mPOST /api/v1/users/forgot-password [32m200[0m 4269.280 ms - 352[0m
[0mPOST /api/v1/users/reset-password [32m200[0m 617.464 ms - 431[0m
[0mPOST /api/v1/users/reset-password [33m402[0m 300.792 ms - 96[0m
[0mPOST /api/v1/users/forgot-password [32m200[0m 4441.650 ms - 352[0m
[0mPOST /api/v1/users/reset-password [33m402[0m 221.758 ms - 96[0m
[0mPOST /api/v1/users/forgot-password [32m200[0m 4168.889 ms - 352[0m
[0mPOST /api/v1/users/reset-password [32m200[0m 609.018 ms - 438[0m
[0mPOST /api/v1/users/reset-password [33m402[0m 265.580 ms - 96[0m
[0mPOST /api/v1/users/forgot-password [32m200[0m 7034.469 ms - 352[0m
[0mPOST /api/v1/users/forgot-password [32m200[0m 6079.172 ms - 352[0m
[0mPOST /api/v1/users/reset-password [33m402[0m 215.777 ms - 96[0m
[0mPOST /api/v1/users/reset-password [32m200[0m 853.548 ms - 438[0m
[0mPOST /api/v1/users/forgot-password [32m200[0m 6767.236 ms - 352[0m
[0mPOST /api/v1/users/reset-password [33m402[0m 145.271 ms - 96[0m
[0mPOST /api/v1/users/reset-password [32m200[0m 621.353 ms - 431[0m
