[0mGET /api/v1/categories/bkbnbnbhbvli [33m400[0m 18.476 ms - 281[0m
[0mGET /api/v1/categories/670bfb2a644346ee01686e91 [33m400[0m 166.266 ms - 83[0m
[0mGET /api/v1/categories/ [32m200[0m 162.232 ms - 308[0m
[0mDELETE /api/v1/categories/670bfb2a644346ee01686e90 [32m200[0m 142.306 ms - 136[0m
[0mGET /api/v1/categories/ [32m200[0m 123.719 ms - 194[0m
[0mPUT /api/v1/categories/ [33m404[0m 6.792 ms - 157[0m
[0mGET /api/v1/categories/ [32m200[0m 152.186 ms - 194[0m
[0mGET /api/v1/categories/670d3d66ae318527789d352a [32m200[0m 190.680 ms - 192[0m
[0mGET /api/v1/categories/670d3d66ae318527789d352a [32m200[0m 242.433 ms - 192[0m
[0mPUT /api/v1/categories/670d3d66ae318527789d352a [32m200[0m 144.431 ms - 205[0m
[0mPUT /api/v1/categories/670d3d66ae318527789d352a [32m200[0m 128.367 ms - 192[0m
[0mGET /api/v1/categories/670d3d66ae318527789d352b [33m400[0m 130.564 ms - 83[0m
[0mGET /api/v1/categories/670 [31m500[0m 7.220 ms - 1560[0m
[0mGET /api/v1/categories/670 [31m500[0m 10.130 ms - 122[0m
[0mDELETE /api/v1/categories/670 [31m500[0m 23.679 ms - 122[0m
[0mGET /api/v1/categories/ [32m200[0m 139.982 ms - 194[0m
[0mDELETE /api/v1/categories/670d3d66ae318527789d352w [31m500[0m 8.453 ms - 143[0m
[0mDELETE /api/v1/categories/670d3d66ae318527789d352e [33m400[0m 212.553 ms - 83[0m
[0mGET /api/v1/categories [32m200[0m 218.915 ms - 194[0m
[0mGET /api/v1/categories/eq [33m400[0m 13.581 ms - 77[0m
[0mGET /api/v1/categories/eq [33m400[0m 11.718 ms - 77[0m
[0mGET /api/v1/categories/eq [33m400[0m 9.973 ms - 77[0m
[0mPOST /api/v1/categories/ [31m500[0m 10.007 ms - 140[0m
[0mPOST /api/v1/categories/ [31m500[0m 13.692 ms - 651[0m
[0mPOST /api/v1/categories/ [31m500[0m 10.162 ms - 1391[0m
[0mPOST /api/v1/categories/ [31m500[0m 10.791 ms - 651[0m
[0mPOST /api/v1/categories/ [31m500[0m 12.118 ms - 450[0m
[0mGET /api/v1/categories/ [32m200[0m 257.115 ms - 194[0m
[0mPOST /api/v1/categories/ [31m500[0m 188.396 ms - 426[0m
[0mPOST /api/v1/categories/ [31m500[0m 176.107 ms - 426[0m
[0mPOST /api/v1/categories/ [31m500[0m 145.809 ms - 426[0m
[0mPOST /api/v1/categories/ [31m500[0m 212.156 ms - 426[0m
[0mPOST /api/v1/categories/ [31m500[0m 221.646 ms - 426[0m
[0mPOST /api/v1/categories/ [31m500[0m 147.794 ms - 426[0m
[0mPOST /api/v1/categories/ [31m500[0m 167.434 ms - 426[0m
[0mGET /api/v1/categories/ [32m200[0m 171.893 ms - 194[0m
[0mGET /api/v1/categories/ [32m200[0m 187.542 ms - 194[0m
[0mPOST /api/v1/categories/ [32m200[0m 227.258 ms - 201[0m
[0mGET /api/v1/categories/ [32m200[0m 143.583 ms - 373[0m
[0mGET /api/v1/categories/ [32m200[0m 416.001 ms - 25[0m
[0mGET /api/v1/categories/ [32m200[0m 1292.585 ms - 373[0m
[0mPOST /api/v1/categories/ [32m200[0m 429.019 ms - 222[0m
[0mPOST /api/v1/categories/ [32m200[0m 151.993 ms - 224[0m
[0mPOST /api/v1/categories/ [32m200[0m 256.130 ms - 184[0m
[0mGET /api/v1/categories/ [32m200[0m 198.349 ms - 588[0m
[0mGET /api/v1/categories/ [32m200[0m 255.962 ms - 25[0m
[0mGET /api/v1/categories/ [32m200[0m 723.382 ms - 588[0m
[0mGET /api/v1/categories/ [32m200[0m 1274.132 ms - 588[0m
[0mGET /api/v1/categories/ [32m200[0m 199.195 ms - 588[0m
[0mGET /api/v1/categories/ [31m500[0m 10125.892 ms - 28[0m
[0mGET /api/v1/categories/ [31m500[0m 10021.335 ms - 28[0m
[0mGET /api/v1/categories/ [32m200[0m 145.817 ms - 588[0m
[0mGET /api/v1/categories/ [32m200[0m 152.100 ms - 588[0m
[0mGET /api/v1/categories/ [32m200[0m 148.265 ms - 588[0m
[0mGET /api/v1/categories/ [32m200[0m 151.413 ms - 705[0m
[0mPOST /api/v1/categories/ [32m200[0m 161.307 ms - 256[0m
[0mPOST /api/v1/categories/ [32m200[0m 428.933 ms - 238[0m
[0mGET /api/v1/categories/ [32m200[0m 150.272 ms - 474[0m
[0mGET /api/v1/categories/ [32m200[0m 147.637 ms - 1152[0m
[0mGET /api/v1/categories/ [32m200[0m 151.394 ms - 1152[0m
[0mGET /api/v1/categories/?select=name%20slug [32m200[0m 156.825 ms - 493[0m
[0mGET /api/v1/categories/?select=name%20slug [32m200[0m 166.567 ms - 493[0m
[0mGET /api/v1/categories/?select=name%20slug [32m200[0m 871.454 ms - 493[0m
[0mGET /api/v1/categories/?select=name%20slug [32m200[0m 219.576 ms - 493[0m
[0mGET /api/v1/categories/?select=name%20slug [32m200[0m 1010.117 ms - 493[0m
[0mGET /api/v1/categories/?select=name%20slug%20averageRating&averageRating[$gte]=6 [32m200[0m 140.096 ms - 481[0m
[0mGET /api/v1/categories/?select=name%20slug%20averageRating&averageRating[$lte]=6 [32m200[0m 140.142 ms - 129[0m
[0mGET /api/v1/categories/?select=name%20slug%20averageRating&averageRating[$lt]=6 [32m200[0m 141.650 ms - 129[0m
[0mGET /api/v1/categories/?select=name%20slug%20averageRating&averageRating[$lt]=8 [32m200[0m 136.980 ms - 129[0m
[0mGET /api/v1/categories/?select=name%20slug%20averageRating&averageRating[$lte]=8 [32m200[0m 138.031 ms - 253[0m
[0mGET /api/v1/categories/?select=name%20slug%20averageRating&averageRating[$gte]=5&sort=averageRating [32m200[0m 149.564 ms - 481[0m
[0mGET /api/v1/categories/?select=name%20slug%20averageRating&averageRating[$gte]=5&sort=-averageRating [32m200[0m 140.043 ms - 481[0m
[0mGET /api/v1/categories/?select=name%20slug%20averagePrice%20averageRating&averageRating[$gte]=1&sort=-averageRating%20-averagePrice [32m200[0m 144.986 ms - 691[0m
[0mGET /api/v1/categories/?select=name&limit=1 [32m200[0m 246.829 ms - 102[0m
[0mGET /api/v1/categories/?select=name&limit=10 [32m200[0m 155.013 ms - 374[0m
[0mGET /api/v1/categories/?select=name [32m200[0m 152.046 ms - 374[0m
[0mGET /api/v1/categories/?select=name&page=2&limit=2 [32m200[0m 372.037 ms - 230[0m
[0mGET /api/v1/categories/?select=name&page=2&limit=2 [31m500[0m 199.199 ms - 28[0m
[0mGET /api/v1/categories/?select=name&page=2&limit=2 [32m200[0m 387.517 ms - 230[0m
[0mGET /api/v1/categories/?select=name&page=1&limit=1 [32m200[0m 285.402 ms - 172[0m
[0mGET /api/v1/categories/?select=name&page=3&limit=1 [32m200[0m 370.104 ms - 173[0m
[0mGET /api/v1/categories/?select=name&page=5&limit=1 [32m200[0m 285.032 ms - 173[0m
[0mGET /api/v1/categories/?select=name&page=1&limit=1 [32m200[0m 361.979 ms - 172[0m
[0mGET /api/v1/categories/?select=name&page=1&limit=2 [32m200[0m 465.969 ms - 242[0m
[0mGET /api/v1/categories/?select=name&page=1&limit=6 [32m200[0m 283.326 ms - 431[0m
[0mGET /api/v1/categories/?select=name&page=3&limit=2 [32m200[0m 317.870 ms - 173[0m
[0mGET /api/v1/categories/?select=name&page=2&limit=2 [32m200[0m 304.164 ms - 230[0m
[0mGET /api/v1/categories/?select=name&page=2&limit=3 [32m200[0m 284.943 ms - 230[0m
[0mGET /api/v1/categories/?select=name&page=1&limit=3 [32m200[0m 317.769 ms - 308[0m
[0mGET /api/v1/categories/?select=name&page=1&limit=3 [32m200[0m 390.278 ms - 95[0m
[0mGET /api/v1/categories/?select=name&page=1&limit=3 [32m200[0m 641.927 ms - 308[0m
[0mGET /api/v1/categories/?select=name&page=1 [32m200[0m 331.771 ms - 442[0m
[0mGET /api/v1/books/ [33m404[0m 2.290 ms - 152[0m
[0mGET /api/v1/books/ [31m500[0m 8.415 ms - 28[0m
[0mGET /api/v1/books/ [32m200[0m 175.133 ms - 643[0m
[0mGET /api/v1/books/ [32m200[0m 227.651 ms - 653[0m
[0mGET /api/v1/671a51e33059ff8316ee63fe/books [33m404[0m 1.822 ms - 176[0m
[0mGET /api/v1/671a51e33059ff8316ee63fe/books [33m404[0m 1.137 ms - 176[0m
[0mGET /api/v1/671a51e33059ff8316ee63fe/books [33m404[0m 1.666 ms - 176[0m
[0mGET /api/v1/671a51e33059ff8316ee63fe/books [33m404[0m 5.504 ms - 176[0m
[0mGET /api/v1/categories/671a51e33059ff8316ee63fe/books [32m200[0m 235.210 ms - 653[0m
[0mGET /api/v1/books/ [32m200[0m 303.375 ms - 1029[0m
[0mGET /api/v1/categories/671a51e33059ff8316ee63fe/books [32m200[0m 428.485 ms - 1029[0m
[0mGET /api/v1/books/ [32m200[0m 449.127 ms - 817[0m
[0mGET /api/v1/books/ [32m200[0m 415.059 ms - 943[0m
[0mGET /api/v1/books/ [31m500[0m 454.499 ms - 28[0m
[0mGET /api/v1/books/ [31m500[0m 401.625 ms - 28[0m
[0mGET /api/v1/books/ [31m500[0m 316.303 ms - 28[0m
[0mGET /api/v1/books/ [32m200[0m 315.190 ms - 957[0m
[0mGET /api/v1/categories/ [32m200[0m 331.071 ms - 1377[0m
[0mPOST /api/v1/categories [32m200[0m 226.384 ms - 220[0m
[0mGET /api/v1/categories/671a51e33059ff8316ee63fe [32m200[0m 307.399 ms - 1038[0m
[0mGET /api/v1/categories/671a51e33059ff8316ee63fe [32m200[0m 315.355 ms - 1038[0m
[0mGET /api/v1/categories/671a51e33059ff8316ee63fe [31m500[0m 410.791 ms - 28[0m
[0mGET /api/v1/categories/671a51e33059ff8316ee63fe [31m500[0m 363.406 ms - 28[0m
[0mGET /api/v1/categories/671a51e33059ff8316ee63fe [32m200[0m 351.325 ms - 1038[0m
[0mDELETE /api/v1/categories/671a51e33059ff8316ee63fe [31m500[0m 384.529 ms - 28[0m
[0mDELETE /api/v1/categories/671a51e33059ff8316ee63fe [31m500[0m 19688.719 ms - 78[0m
[0mDELETE /api/v1/categories/671a51e33059ff8316ee63fe [31m500[0m 264.715 ms - 28[0m
[0mGET /api/v1/categories/ [32m200[0m 533.846 ms - 1575[0m
[0mDELETE /api/v1/categories/671a51e33059ff8316ee63fe [31m500[0m 158.339 ms - 28[0m
[0mDELETE /api/v1/categories/671a51e33059ff8316ee63fe [31m500[0m 10027.599 ms - 28[0m
[0mDELETE /api/v1/categories/671a51e33059ff8316ee63fe [31m500[0m 364.763 ms - 28[0m
[0mDELETE /api/v1/categories/671a51e33059ff8316ee63fe [32m200[0m 457.586 ms - 270[0m
[0mGET /api/v1/books/ [32m200[0m 197.201 ms - 35[0m
[0mGET /api/v1/books/ [32m200[0m 401.898 ms - 1021[0m
[0mGET /api/v1/categories/ [32m200[0m 470.810 ms - 1377[0m
[0mDELETE /api/v1/categories/671a51e33059ff8316ee63fe [31m500[0m 263.269 ms - 28[0m
[0mGET /api/v1/categories/ [32m200[0m 17504.463 ms - 1377[0m
[0mGET /api/v1/categories/ [32m200[0m 274.194 ms - 1377[0m
[0mGET /api/v1/books/ [32m200[0m 346.065 ms - 1021[0m
[0mDELETE /api/v1/categories/671a51e33059ff8316ee63fe [31m500[0m 204.415 ms - 28[0m
[0mDELETE /api/v1/categories/671a51e33059ff8316ee63fe [31m500[0m 254.303 ms - 28[0m
[0mDELETE /api/v1/categories/671a51e33059ff8316ee63fe [32m200[0m 478.540 ms - 270[0m
[0mGET /api/v1/books/ [32m200[0m 136.585 ms - 35[0m
[0mGET /api/v1/books/ [32m200[0m 242.833 ms - 35[0m
[0mGET /api/v1/books/ [32m200[0m 461.475 ms - 1021[0m
[0mGET /api/v1/books/671b22061f55f1a59c6d13f3 [33m404[0m 4.352 ms - 176[0m
[0mGET /api/v1/books/ [32m200[0m 413.005 ms - 1021[0m
[0mGET /api/v1/books/671b22061f55f1a59c6d13f3 [33m404[0m 0.879 ms - 176[0m
[0mGET /api/v1/books/671b22061f55f1a59c6d13f3 [32m200[0m 217.584 ms - 404[0m
[0mPOST /api/v1/books/ [33m404[0m 8.002 ms - 153[0m
[0mPOST /api/v1/books/ [33m404[0m 1.933 ms - 153[0m
[0mPOST /api/v1/books/ [33m404[0m 2.618 ms - 153[0m
[0mPOST /api/v1/books/ [32m200[0m 207.107 ms - 410[0m
[0mPOST /api/v1/books/ [33m400[0m 279.784 ms - 44[0m
[0mPOST /api/v1/books/ [32m200[0m 725.709 ms - 418[0m
[0mPOST /api/v1/books/ [31m500[0m 323.127 ms - 466[0m
[0mGET /api/v1/categories/ [32m200[0m 305.443 ms - 1377[0m
[0mGET /api/v1/categories/ [32m200[0m 302.514 ms - 1377[0m
[0mGET /api/v1/categories/671a51e33059ff8316ee63fe [32m200[0m 291.364 ms - 280[0m
[0mGET /api/v1/categories/671a5195d9f620ddcef335f6 [32m200[0m 23286.108 ms - 299[0m
[0mGET /api/v1/categories/671a5195d9f620ddcef335f6 [32m200[0m 281.574 ms - 299[0m
[0mGET /api/v1/categories/671a5195d9f620ddcef335f6 [32m200[0m 458.218 ms - 299[0m
[0mGET /api/v1/categories/671a5195d9f620ddcef335f6 [32m200[0m 655.158 ms - 1082[0m
[0mGET /api/v1/categories/ [32m200[0m 464.629 ms - 2973[0m
[0mPUT /api/v1/books/671a5195d9f620ddcef335f6 [33m400[0m 4486.050 ms - 44[0m
[0mGET /api/v1/books/ [32m200[0m 736.609 ms - 2049[0m
[0mPUT /api/v1/books/671b2b31563e5748b3a84316 [32m200[0m 442.276 ms - 430[0m
[0mGET /api/v1/categories/671a5195d9f620ddcef335f6 [32m200[0m 312.810 ms - 1102[0m
[0mGET /api/v1/categories/671a5195d9f620ddcef335f6 [31m500[0m 30040.030 ms - 1695[0m
[0mGET /api/v1/categories/671a5195d9f620ddcef335f6 [31m500[0m 30020.953 ms - 1695[0m
[0mGET /api/v1/books/ [32m200[0m 449.967 ms - 2069[0m
[0mDELETE /api/v1/books/671b2b31563e5748b3a84316 [32m200[0m 701.468 ms - 430[0m
[0mGET /api/v1/books/ [32m200[0m 451.286 ms - 1539[0m
[0mDELETE /api/v1/books/671b2b31563e5748b3a84316 [33m400[0m 186.752 ms - 44[0m
[0mDELETE /api/v1/books/671b2b31563e5748b3a84316 [33m400[0m 181.277 ms - 44[0m
[0mGET /api/v1/books/ [32m200[0m 446.530 ms - 2053[0m
[0mGET /api/v1/categories/671a51e33059ff8316ee63fe/books [32m200[0m 315.116 ms - 1235[0m
[0mGET /api/v1/books/671b22061f55f1a59c6d13f3 [32m200[0m 157.703 ms - 25[0m
[0mGET /api/v1/books/ [31m500[0m 21746.844 ms - 78[0m
[0mGET /api/v1/books/ [32m200[0m 8248.767 ms - 2053[0m
[0mGET /api/v1/categories/671a51e33059ff8316ee63fe/books [32m200[0m 402.686 ms - 1235[0m
[0mGET /api/v1/books/671b62de3971ef2b8a5bc667 [32m200[0m 171.645 ms - 404[0m
[0mGET /api/v1/categories/671a51e33059ff8316ee63fe/books [32m200[0m 368.111 ms - 1235[0m
[0mPOST /api/v1/books/671b62de3971ef2b8a5bc667 [33m404[0m 4.368 ms - 177[0m
[0mPUT /api/v1/books/671b62de3971ef2b8a5bc667 [32m200[0m 15018.999 ms - 367[0m
[0mGET /api/v1/books/671b62de3971ef2b8a5bc667 [32m200[0m 327.553 ms - 369[0m
[0mGET /api/v1/books/ [32m200[0m 276.373 ms - 2018[0m
[0mGET /api/v1/books [32m200[0m 168.956 ms - 35[0m
[0mGET /api/v1/categories/671a51e33059ff8316ee63fe/books [32m200[0m 203.136 ms - 35[0m
[0mPOST /api/v1/books/671b62de3971ef2b8a5bc667 [33m404[0m 4.059 ms - 177[0m
[0mGET /api/v1/categories/ [32m200[0m 581.964 ms - 1433[0m
[0mPOST /api/v1/books/ [32m200[0m 514.746 ms - 401[0m
[0mDELETE /api/v1/books/671d2dcbb132712d726c0ef2 [32m200[0m 444.059 ms - 401[0m
[0mGET /api/v1/books [32m200[0m 151.528 ms - 35[0m
[0mPOST /api/v1/books/ [32m200[0m 418.440 ms - 401[0m
[0mDELETE /api/v1/books/671d2dcbb132712d726c0ef2 [33m400[0m 282.911 ms - 44[0m
[0mGET /api/v1/books [32m200[0m 476.465 ms - 527[0m
[0mDELETE /api/v1/books/671d2ecbed8b4a1cc449aa44 [32m200[0m 361.500 ms - 401[0m
[0mPOST /api/v1/books/ [32m200[0m 405.563 ms - 401[0m
[0mDELETE /api/v1/books/671d2f8d65a18c178aef4ab4 [32m200[0m 341.525 ms - 401[0m
[0mGET /api/v1/books [32m200[0m 230.480 ms - 35[0m
[0mPOST /api/v1/books/ [32m200[0m 410.548 ms - 401[0m
[0mDELETE /api/v1/books/671d301d447e7bfc6c99b89a [32m200[0m 331.648 ms - 401[0m
[0mPOST /api/v1/books/ [32m200[0m 463.003 ms - 401[0m
[0mDELETE /api/v1/books/671d303d1589e87a54054f9f [32m200[0m 495.590 ms - 401[0m
[0mPOST /api/v1/books/ [32m200[0m 393.210 ms - 401[0m
[0mPOST /api/v1/books/ [32m200[0m 468.061 ms - 402[0m
[0mDELETE /api/v1/books/671d309eb336bfa0aae619c0 [32m200[0m 463.421 ms - 402[0m
[0mDELETE /api/v1/books/671d309eb336bfa0aae619c0 [33m400[0m 247.972 ms - 44[0m
[0mGET /api/v1/books [32m200[0m 342.036 ms - 527[0m
[0mDELETE /api/v1/books/671d3072b336bfa0aae619bc [32m200[0m 426.317 ms - 401[0m
[0mGET /api/v1/books [32m200[0m 228.028 ms - 35[0m
[0mGET /api/v1/categories/ [32m200[0m 671.530 ms - 1327[0m
[0mGET /api/v1/categories/671a5195d9f620ddcef335f6 [32m200[0m 412.547 ms - 278[0m
[0mPOST /api/v1/books/ [32m200[0m 437.723 ms - 410[0m
[0mGET /api/v1/categories/671a5195d9f620ddcef335f6 [32m200[0m 382.152 ms - 686[0m
[0mPOST /api/v1/books/ [32m200[0m 536.559 ms - 418[0m
[0mGET /api/v1/categories/671a5195d9f620ddcef335f6 [32m200[0m 431.575 ms - 1082[0m
[0mGET /api/v1/books [32m200[0m 483.789 ms - 1062[0m
[0mDELETE /api/v1/books/671d33cd2ec951743f513934 [32m200[0m 394.094 ms - 410[0m
[0mGET /api/v1/categories/671a5195d9f620ddcef335f6 [32m200[0m 440.497 ms - 694[0m
[0mPOST /api/v1/books/ [32m200[0m 570.404 ms - 410[0m
[0mGET /api/v1/books [32m200[0m 402.155 ms - 1062[0m
[0mGET /api/v1/categories/671a5195d9f620ddcef335f6 [32m200[0m 405.937 ms - 1082[0m
[0mDELETE /api/v1/books/671d34159f6c89ad93c4a808 [32m200[0m 450.946 ms - 418[0m
[0mGET /api/v1/categories/671a5195d9f620ddcef335f6 [32m200[0m 449.874 ms - 686[0m
[0mGET /api/v1/categories/671a5195d9f620ddcef335f6 [32m200[0m 495.070 ms - 686[0m
[0mPOST /api/v1/books/ [32m200[0m 413.335 ms - 418[0m
[0mGET /api/v1/categories/671a5195d9f620ddcef335f6 [32m200[0m 403.939 ms - 1082[0m
[0mDELETE /api/v1/books/671d35cafdc4875dbb43fb44 [32m200[0m 301.930 ms - 410[0m
[0mGET /api/v1/books [32m200[0m 372.885 ms - 552[0m
[0mGET /api/v1/categories/671a5195d9f620ddcef335f6 [32m200[0m 420.700 ms - 694[0m
[0mGET /api/v1/categories/671a5195d9f620ddcef335f6 [32m200[0m 363.564 ms - 694[0m
[0mGET /api/v1/books [32m200[0m 401.107 ms - 552[0m
[0mGET /api/v1/categories/671a5195d9f620ddcef335f6 [32m200[0m 292.161 ms - 694[0m
[0mDELETE /api/v1/books/671d37341f0843d076501e4e [32m200[0m 459.932 ms - 418[0m
[0mGET /api/v1/categories/ [32m200[0m 490.345 ms - 1348[0m
[0mPOST /api/v1/books/ [32m200[0m 570.545 ms - 420[0m
[0mPOST /api/v1/books/ [32m200[0m 373.431 ms - 420[0m
[0mPOST /api/v1/books/ [32m200[0m 475.450 ms - 420[0m
[0mGET /api/v1/categories/671a5195d9f620ddcef335f6 [32m200[0m 380.660 ms - 1492[0m
[0mGET /api/v1/books [32m200[0m 457.214 ms - 1594[0m
[0mPOST /api/v1/books/ [31m500[0m 537.635 ms - 469[0m
[0mPOST /api/v1/books/ [32m200[0m 355.909 ms - 420[0m
[0mGET /api/v1/categories/671a5195d9f620ddcef335f6 [32m200[0m 332.474 ms - 1890[0m
[0mPOST /api/v1/books/ [31m500[0m 378.127 ms - 469[0m
[0mPOST /api/v1/books/ [32m200[0m 395.082 ms - 420[0m
[0mPOST /api/v1/books/ [32m200[0m 403.259 ms - 420[0m
[0mGET /api/v1/categories/671a5195d9f620ddcef335f6 [32m200[0m 342.544 ms - 2699[0m
[0mGET /api/v1/books [32m200[0m 309.064 ms - 3232[0m
[0mDELETE /api/v1/books/671d39c016efde4a5456a5f5 [32m200[0m 322.456 ms - 420[0m
[0mGET /api/v1/categories/671a5195d9f620ddcef335f6 [32m200[0m 312.806 ms - 2301[0m
[0mGET /api/v1/categories/671a5195d9f620ddcef335f6 [32m200[0m 354.224 ms - 2301[0m
[0mGET /api/v1/books [32m200[0m 465.220 ms - 2699[0m
[0mDELETE /api/v1/books/671d397516efde4a5456a5e6 [31m500[0m 210.130 ms - 28[0m
[0mDELETE /api/v1/books/671d397516efde4a5456a5e6 [31m500[0m 304.982 ms - 28[0m
[0mDELETE /api/v1/books/671d397516efde4a5456a5e6 [31m500[0m 294.130 ms - 28[0m
[0mDELETE /api/v1/books/671d397516efde4a5456a5e6 [31m500[0m 300.323 ms - 28[0m
[0mDELETE /api/v1/books/671d397516efde4a5456a5e6 [31m500[0m 224.487 ms - 28[0m
[0mDELETE /api/v1/books/671d397516efde4a5456a5e6 [31m500[0m 284.799 ms - 28[0m
[0mDELETE /api/v1/books/671d397516efde4a5456a5e6 [31m500[0m 184.154 ms - 28[0m
[0mDELETE /api/v1/books/671d397516efde4a5456a5e6 [31m500[0m 202.173 ms - 28[0m
[0mDELETE /api/v1/books/671d397516efde4a5456a5e6 [31m500[0m 230.625 ms - 28[0m
[0mDELETE /api/v1/books/671d397516efde4a5456a5e6 [31m500[0m 200.335 ms - 28[0m
[0mDELETE /api/v1/books/671d397516efde4a5456a5e6 [32m200[0m 313.316 ms - 420[0m
[0mGET /api/v1/books [32m200[0m 426.658 ms - 2166[0m
[0mDELETE /api/v1/books/671d394516efde4a5456a5da [31m500[0m 194.494 ms - 28[0m
[0mDELETE /api/v1/books/671d394516efde4a5456a5da [31m500[0m 259.134 ms - 28[0m
[0mDELETE /api/v1/books/671d394516efde4a5456a5da [31m500[0m 170.088 ms - 28[0m
[0mDELETE /api/v1/books/671d394516efde4a5456a5da [31m500[0m 162.085 ms - 28[0m
[0mDELETE /api/v1/books/671d394516efde4a5456a5da [32m200[0m 420.495 ms - 420[0m
[0mDELETE /api/v1/books/671d394516efde4a5456a5da [33m400[0m 210.534 ms - 44[0m
[0mGET /api/v1/books [32m200[0m 393.917 ms - 1633[0m
[0mPOST /api/v1/books/ [31m500[0m 531.716 ms - 28[0m
[0mDELETE /api/v1/books/671d393e16efde4a5456a5d5 [31m500[0m 162.331 ms - 28[0m
[0mDELETE /api/v1/books/671d393e16efde4a5456a5d5 [31m500[0m 280.607 ms - 28[0m
[0mDELETE /api/v1/books/671d393e16efde4a5456a5d5 [31m500[0m 205.323 ms - 102[0m
[0mDELETE /api/v1/books/671d393e16efde4a5456a5d5 [31m500[0m 168.517 ms - 102[0m
[0mDELETE /api/v1/books/671d393e16efde4a5456a5d5 [31m500[0m 247.363 ms - 102[0m
[0mDELETE /api/v1/books/671d393e16efde4a5456a5d5 [31m500[0m 199.229 ms - 96[0m
[0mDELETE /api/v1/books/671d393e16efde4a5456a5d5 [31m500[0m 250.987 ms - 94[0m
[0mDELETE /api/v1/books/671d393e16efde4a5456a5d5 [32m200[0m 316.826 ms - 420[0m
[0mPOST /api/v1/books/ [31m500[0m 721.680 ms - 63[0m
[0mPOST /api/v1/books/ [31m500[0m 390.174 ms - 469[0m
[0mPOST /api/v1/books/ [32m200[0m 931.237 ms - 419[0m
[0mGET /api/v1/categories/671a5195d9f620ddcef335f6 [32m200[0m 391.320 ms - 2288[0m
[0mDELETE /api/v1/books/671d393716efde4a5456a5d0 [32m200[0m 541.947 ms - 420[0m
[0mGET /api/v1/categories/671a5195d9f620ddcef335f6 [32m200[0m 391.566 ms - 1890[0m
[0mDELETE /api/v1/books/671d39a516efde4a5456a5f0 [32m200[0m 361.388 ms - 420[0m
[0mGET /api/v1/categories/671a5195d9f620ddcef335f6 [32m200[0m 294.228 ms - 1490[0m
[0mDELETE /api/v1/books/67583 [31m500[0m 9.950 ms - 238[0m
[0mGET /api/v1/categories/671a5195d9f620ddcef335f6 [32m200[0m 734.526 ms - 1490[0m
[0mDELETE /api/v1/books/671d42b8b9e677a26df384dd [32m200[0m 400.607 ms - 420[0m
[0mGET /api/v1/categories/671a5195d9f620ddcef335f6 [32m200[0m 340.257 ms - 1091[0m
[0mGET /api/v1/books [32m200[0m 499.661 ms - 1070[0m
[0mGET /api/v1/books/671d46d3482ac80eb1254435 [32m200[0m 563.336 ms - 421[0m
[0mGET /api/v1/books/671d46d3482ac80eb1254435 [32m200[0m 668.330 ms - 432[0m
[0mGET /api/v1/books/671d46d3482ac80eb1254435 [32m200[0m 665.171 ms - 430[0m
[0mGET /api/v1/books/671d46d3482ac80eb1254435 [32m200[0m 646.789 ms - 430[0m
[0mGET /api/v1/books/671d46d3482ac80eb1254435 [31m500[0m 173.054 ms - 89[0m
[0mGET /api/v1/books/671d46d3482ac80eb1254435 [32m200[0m 591.338 ms - 478[0m
[0mGET /api/v1/books/671d46d3482ac80eb1254435 [32m200[0m 671.950 ms - 419[0m
[0mGET /api/v1/books/671d46d3482ac80eb1254435 [32m200[0m 1487.439 ms - 478[0m
[0mGET /api/v1/books/671d46d3482ac80eb1254435 [32m200[0m 678.220 ms - 430[0m
[0mGET /api/v1/categories/ [32m200[0m 1035.529 ms - 1327[0m
[0mGET /api/v1/books [32m200[0m 144.371 ms - 35[0m
[0mGET /api/v1/books [32m200[0m 433.839 ms - 2047[0m
[0mGET /api/v1/categories/ [32m200[0m 472.855 ms - 2909[0m
[0mGET /api/v1/books [32m200[0m 438.787 ms - 2047[0m
[0mPUT /api/v1/books/671dbec6110f2934570f0dc1 [31m500[0m 227.183 ms - 397[0m
[0mPUT /api/v1/books/671dbec6110f2934570f0dc1 [32m200[0m 813.361 ms - 420[0m
[0mGET /api/v1/books [32m200[0m 489.158 ms - 2050[0m
[0mGET /api/v1/books/671d46d3482ac80eb1254435 [33m400[0m 269.072 ms - 109[0m
[0mGET /api/v1/books [32m200[0m 447.375 ms - 2050[0m
[0mGET /api/v1/books/671a5195d9f620ddcef335f6 [33m400[0m 142.640 ms - 109[0m
[0mGET /api/v1/books/671dbec6110f2934570f0dc1 [32m200[0m 815.398 ms - 427[0m
[0mGET /api/v1/books/671dbec6110f2934570f0dc1 [32m200[0m 742.703 ms - 436[0m
[0mGET /api/v1/books/671dbec6110f2934570f0dc1 [32m200[0m 156.564 ms - 419[0m
[0mGET /api/v1/books/671dbec6110f2934570f0dc1 [32m200[0m 240.001 ms - 419[0m
[0mGET /api/v1/books/671dbec6110f2934570f0dc1 [32m200[0m 840.642 ms - 436[0m
[0mGET /api/v1/books/671dbec6110f2934570f0dc1 [32m200[0m 838.749 ms - 427[0m
[0mGET /api/v1/books/671dbec6110f2934570f0dc1 [32m200[0m 596.123 ms - 451[0m
[0mGET /api/v1/books/671dbec6110f2934570f0dc1 [32m200[0m 1512.323 ms - 451[0m
[0mGET /api/v1/categories/ [32m200[0m 778.563 ms - 2911[0m
[0mGET /api/v1/categories/ [32m200[0m 615.224 ms - 2857[0m
[0mPUT /api/v1/books/671dc4883291751ef0cbf6eb [31m500[0m 261.153 ms - 365[0m
[0mPUT /api/v1/books/671dc4883291751ef0cbf6eb [32m200[0m 959.139 ms - 420[0m
[0mGET /api/v1/categories/671a5195d9f620ddcef335f6 [32m200[0m 331.025 ms - 1083[0m
[0mPUT /api/v1/books/671dc4883291751ef0cbf6eb [31m500[0m 10045.720 ms - 101[0m
[0mGET /api/v1/categories/671a51e33059ff8316ee63fe/books [32m200[0m 313.213 ms - 1235[0m
[0mGET /api/v1/books/671dbec6110f2934570f0dc1 [33m400[0m 248.084 ms - 109[0m
[0mGET /api/v1/books/671dc4883291751ef0cbf6e9 [32m200[0m 678.698 ms - 434[0m
[0mPUT /api/v1/books/671dc4883291751ef0cbf6e9/photo [31m500[0m 155.151 ms - 96[0m
[0mPUT /api/v1/books/671dc4883291751ef0cbf6e9/photo [31m500[0m 173.713 ms - 96[0m
[0mPUT /api/v1/books/671dc4883291751ef0cbf6e9/photo [31m500[0m 256.155 ms - 64[0m
[0mPUT /api/v1/books/671dc4883291751ef0cbf6e9/photo [31m500[0m 255.314 ms - 64[0m
[0mPUT /api/v1/books/671dc4883291751ef0cbf6e9/photo [32m200[0m 271.369 ms - 403[0m
[0mPUT /api/v1/books/671dc4883291751ef0cbf6e9/photo [32m200[0m 159.732 ms - 403[0m
[0mPUT /api/v1/books/671dc4883291751ef0cbf6e9/photo [32m200[0m 172.327 ms - 403[0m
[0mPUT /api/v1/books/671dc4883291751ef0cbf6e9/photo [32m200[0m 150.384 ms - 403[0m
[0mPUT /api/v1/books/671dc4883291751ef0cbf6e9/photo [32m200[0m 247.756 ms - 403[0m
[0mPUT /api/v1/books/671dc4883291751ef0cbf6e9/photo [31m500[0m 219.441 ms - 73[0m
[0mPUT /api/v1/books/671dc4883291751ef0cbf6e9/photo [31m500[0m 199.082 ms - 73[0m
[0mPUT /api/v1/books/671dc4883291751ef0cbf6e9/photo [32m200[0m 268.729 ms - 403[0m
[0mPUT /api/v1/books/671dc4883291751ef0cbf6e9/photo [31m500[0m 256.315 ms - 73[0m
[0mPUT /api/v1/books/671dc4883291751ef0cbf6e9/photo [31m500[0m 207.829 ms - 64[0m
[0mPUT /api/v1/books/671dc4883291751ef0cbf6e9/photo [32m200[0m 242.425 ms - 403[0m
[0mPUT /api/v1/books/671dc4883291751ef0cbf6e9/photo [31m500[0m 178.969 ms - 73[0m
[0mPUT /api/v1/books/671dc4883291751ef0cbf6e9/photo [31m500[0m 245.995 ms - 73[0m
[0mPUT /api/v1/books/671dc4883291751ef0cbf6e9/photo [32m200[0m 1192.265 ms - 403[0m
[0mPUT /api/v1/books/671dc4883291751ef0cbf6e9/photo [32m200[0m 183.039 ms - 403[0m
[0mPUT /api/v1/books/671dc4883291751ef0cbf6e9/photo [32m200[0m 176.228 ms - 403[0m
[0mPUT /api/v1/books/671dc4883291751ef0cbf6e9/photo [32m200[0m 164.008 ms - 403[0m
[0mPUT /api/v1/books/671dc4883291751ef0cbf6e9/photo [32m200[0m 1483.331 ms - 403[0m
[0mPUT /api/v1/books/671dc4883291751ef0cbf6e9/photo [32m200[0m 469.529 ms - 403[0m
[0mPUT /api/v1/books/671dc4883291751ef0cbf6e9/photo [32m200[0m 248.174 ms - 403[0m
[0mPUT /api/v1/books/671dc4883291751ef0cbf6e9/photo [32m200[0m 202.875 ms - 403[0m
[0mPUT /api/v1/books/671dc4883291751ef0cbf6e9/photo [32m200[0m 245.003 ms - 403[0m
[0mPUT /api/v1/books/671dc4883291751ef0cbf6e9/photo [32m200[0m 240.468 ms - 403[0m
[0mPUT /api/v1/books/671dc4883291751ef0cbf6e9/photo [32m200[0m 207.520 ms - 403[0m
[0mPUT /api/v1/books/671dc4883291751ef0cbf6e9/photo [32m200[0m 1082.670 ms - 403[0m
[0mPUT /api/v1/books/671dc4883291751ef0cbf6e9/photo [32m200[0m 276.684 ms - 61[0m
[0mPUT /api/v1/books/671dc4883291751ef0cbf6e9/photo [32m200[0m 1265.270 ms - 61[0m
[0mGET /api/v1/books/671dc4883291751ef0cbf6e9 [32m200[0m 717.445 ms - 457[0m
[0mPOST /api/v1/books/671dc4883291751ef0cbf6e9/photo?file [33m404[0m 3.151 ms - 183[0m
[0mPOST /api/v1/books/671dc4883291751ef0cbf6e9/photo?file [33m404[0m 1.041 ms - 183[0m
[0mPOST /api/v1/books/671dc4883291751ef0cbf6e9/photo?file [33m404[0m 0.598 ms - 183[0m
[0mPOST /api/v1/books/671dc4883291751ef0cbf6e9/photo?file [33m404[0m 0.685 ms - 183[0m
[0mGET /api/v1/books [32m200[0m 442.714 ms - 2075[0m
[0mGET /api/v1/books [32m200[0m 457.015 ms - 2089[0m
[0mGET /api/v1/categories?select=name%20averagePrice%20averageRating&sort=averageRating%20-averagePrice&limit=3&page=2 [32m200[0m 684.648 ms - 1982[0m
[0mGET /api/v1/categories/ [32m200[0m 650.275 ms - 2881[0m
[0mGET /api/v1/categories/671a5195d9f620ddcef335f6/books [32m200[0m 308.952 ms - 1297[0m
[0mGET /api/v1/books [32m200[0m 324.299 ms - 2075[0m
[0mGET /api/v1/categories/671a5195d9f620ddcef335f6/books [32m200[0m 286.120 ms - 1297[0m
[0mGET /api/v1/categories?select=name%20averagePrice%20averageRating&sort=averageRating%20-averagePrice&limit=3&page=2 [32m200[0m 630.979 ms - 1982[0m
[0mGET /api/v1/categories?select=name%20averagePrice%20averageRating&sort=averageRating%20-averagePrice&limit=3&page=1 [32m200[0m 642.110 ms - 435[0m
[0mGET /api/v1/categories?select=name%20averagePrice%20averageRating&sort=averageRating%20-averagePrice&limit=3&page=2 [32m200[0m 537.784 ms - 1982[0m
[0mGET /api/v1/categories?select=name%20averagePrice%20averageRating&sort=averageRating%20-averagePrice&limit=2&page=2 [32m200[0m 510.533 ms - 1160[0m
