[0mPOST /api/v1/users/ [32m200[0m 271.342 ms - 414[0m
[0mPOST /api/v1/users/login [33m404[0m 4.044 ms - 158[0m
[0mPOST /api/v1/users/login [31m500[0m 160.836 ms - 72[0m
[0mPOST /api/v1/users/login [32m200[0m 249.295 ms - 414[0m
[0mPOST /api/v1/users/login [33m401[0m 391.179 ms - 115[0m
[0mPOST /api/v1/users/login [33m401[0m 245.387 ms - 115[0m
[0mPOST /api/v1/users/login [32m200[0m 404.153 ms - 414[0m
[0mGET /api/v1/books [32m200[0m 486.214 ms - 1159[0m
[0mPUT /api/v1/books/671dc4883291751ef0cbf6eb [32m200[0m 1498.187 ms - 424[0m
[0mPUT /api/v1/books/671dc4883291751ef0cbf6eb [32m200[0m 887.460 ms - 393[0m
[0mPUT /api/v1/books/671dc4883291751ef0cbf6eb [32m200[0m 1098.622 ms - 409[0m
[0mPUT /api/v1/books/671dc4883291751ef0cbf6eb [33m401[0m 6.501 ms - 94[0m
[0mPUT /api/v1/books/671dc4883291751ef0cbf6eb [32m200[0m 1022.295 ms - 409[0m
[0mGET /api/v1/books [32m200[0m 606.847 ms - 1146[0m
[0mGET /api/v1/categories/ [32m200[0m 534.322 ms - 2884[0m
[0mGET /api/v1/categories/ [32m200[0m 444.965 ms - 2884[0m
[0mDELETE /api/v1/categories/6714b2d5129fc69923648400 [33m401[0m 7.581 ms - 94[0m
[0mDELETE /api/v1/categories/6714b2d5129fc69923648400 [31m500[0m 7.542 ms - 80[0m
[0mDELETE /api/v1/categories/6714b2d5129fc69923648400 [31m500[0m 6.300 ms - 80[0m
[0mPOST /api/v1/users/login [32m200[0m 378.127 ms - 414[0m
[0mDELETE /api/v1/categories/6714b2d5129fc69923648400 [32m200[0m 561.315 ms - 255[0m
[0mGET /api/v1/categories/ [32m200[0m 639.311 ms - 2641[0m
[0mPOST /api/v1/users/login [32m200[0m 361.272 ms - 414[0m
[0mDELETE /api/v1/categories/6714b2d5129fc69923648400 [33m400[0m 268.214 ms - 113[0m
[0mPOST /api/v1/users/login [32m200[0m 425.926 ms - 414[0m
[0mPOST /api/v1/users/login [32m200[0m 393.974 ms - 414[0m
[0mPOST /api/v1/users/login [32m200[0m 360.274 ms - 414[0m
[0mPOST /api/v1/users/ [31m500[0m 397.029 ms - 439[0m
[0mPOST /api/v1/users/ [32m200[0m 330.787 ms - 415[0m
[0mPOST /api/v1/users/ [31m500[0m 333.060 ms - 442[0m
[0mPOST /api/v1/users/ [32m200[0m 382.561 ms - 415[0m
[0mGET /api/v1/categories/ [32m200[0m 724.154 ms - 2641[0m
[0mPOST /api/v1/categories [32m200[0m 240.627 ms - 177[0m
[0mPUT /api/v1/categories/23 [31m500[0m 20.020 ms - 233[0m
[0mGET /api/v1/categories/ [32m200[0m 728.914 ms - 2807[0m
[0mPUT /api/v1/categories/672074e2f5efb1705ef5410e [32m200[0m 220.021 ms - 183[0m
[0mPUT /api/v1/categories/672074e2f5efb1705ef5410e [33m401[0m 4.922 ms - 94[0m
[0mPUT /api/v1/categories/672074e2f5efb1705ef5410e [32m200[0m 184.378 ms - 187[0m
[0mPOST /api/v1/users/ [32m200[0m 268.305 ms - 413[0m
[0mGET /api/v1/books [32m200[0m 554.189 ms - 1146[0m
[0mPUT /api/v1/books/671dc4883291751ef0cbf6eb [32m200[0m 1084.021 ms - 410[0m
[0mPUT /api/v1/books/671dc4883291751ef0cbf6eb [32m200[0m 1030.720 ms - 384[0m
[0mPUT /api/v1/books/671dc4883291751ef0cbf6eb [32m200[0m 872.794 ms - 384[0m
[0mGET /api/v1/books [32m200[0m 681.016 ms - 1127[0m
[0mPUT /api/v1/books/67207cd49767210b6845e656 [32m200[0m 1001.818 ms - 367[0m
[0mDELETE /api/v1/books/67207cd49767210b6845e656 [32m200[0m 324.589 ms - 366[0m
[0mDELETE /api/v1/books/67207cd49767210b6845e656 [33m400[0m 149.799 ms - 109[0m
[0mDELETE /api/v1/books/67207cd49767210b6845e655 [32m200[0m 309.942 ms - 406[0m
[0mPOST /api/v1/users/ [31m500[0m 368.594 ms - 439[0m
[0mPOST /api/v1/users/ [32m200[0m 348.880 ms - 413[0m
[0mGET /api/v1/books [32m200[0m 508.662 ms - 1119[0m
[0mPUT /api/v1/books/67207cd49767210b6845e654 [32m200[0m 746.261 ms - 403[0m
[0mPUT /api/v1/books/67207cd49767210b6845e654 [32m200[0m 956.918 ms - 403[0m
[0mDELETE /api/v1/books/67207cd49767210b6845e655 [33m400[0m 331.141 ms - 109[0m
[0mGET /api/v1/books [32m200[0m 1062.821 ms - 1116[0m
[0mDELETE /api/v1/books/67207cd49767210b6845e654 [32m200[0m 315.452 ms - 444[0m
[0mGET /api/v1/books [32m200[0m 513.859 ms - 623[0m
[0mPUT /api/v1/books/67207cd49767210b6845e657 [32m200[0m 854.668 ms - 423[0m
[0mPOST /api/v1/users/ [32m200[0m 404.805 ms - 411[0m
[0mPUT /api/v1/books/67207cd49767210b6845e657 [32m200[0m 712.474 ms - 421[0m
[0mPOST /api/v1/users/login [32m200[0m 350.845 ms - 411[0m
[0mPUT /api/v1/books/67207cd49767210b6845e657 [32m200[0m 860.538 ms - 427[0m
[0mPUT /api/v1/books/67207cd49767210b6845e657 [32m200[0m 750.681 ms - 433[0m
[0mPUT /api/v1/books/67207cd49767210b6845e657 [32m200[0m 818.323 ms - 433[0m
[0mPOST /api/v1/users/ [32m200[0m 1918.479 ms - 413[0m
[0mPOST /api/v1/users/ [32m200[0m 371.218 ms - 415[0m
[0mPUT /api/v1/books/67207cd49767210b6845e657 [32m200[0m 1537.321 ms - 534[0m
[0mPOST /api/v1/users/login [32m200[0m 443.799 ms - 413[0m
[0mPUT /api/v1/books/67207cd49767210b6845e657 [32m200[0m 1064.815 ms - 540[0m
[0mGET /api/v1/books [32m200[0m 510.374 ms - 593[0m
[0mPUT /api/v1/books/67207cd49767210b6845e657 [32m200[0m 1218.856 ms - 548[0m
[0mPOST /api/v1/books/ [31m500[0m 11.238 ms - 62[0m
[0mPOST /api/v1/books/ [33m403[0m 8.274 ms - 201[0m
[0mPOST /api/v1/users/ [32m200[0m 436.810 ms - 449[0m
[0mPOST /api/v1/books/ [32m200[0m 954.882 ms - 387[0m
[0mGET /api/v1/categories/671a51e33059ff8316ee63fe [32m200[0m 430.504 ms - 643[0m
[0mPOST /api/v1/books/ [32m200[0m 1352.688 ms - 522[0m
[0mPOST /api/v1/users/login [32m200[0m 411.555 ms - 449[0m
[0mGET /api/v1/books [32m200[0m 618.007 ms - 1094[0m
[0mPUT /api/v1/books/67207cd49767210b6845e657 [32m200[0m 1164.025 ms - 568[0m
[0mPUT /api/v1/books/67207cd49767210b6845e657 [31m500[0m 891.593 ms - 59[0m
[0mPUT /api/v1/books/67207cd49767210b6845e657 [32m200[0m 1017.064 ms - 495[0m
[0mGET /api/v1/books [32m200[0m 504.881 ms - 1149[0m
[0mGET /api/v1/books?limit=20 [32m200[0m 662.157 ms - 1593[0m
[0mPUT /api/v1/books/67207cd49767210b6845e657/photo?file [32m200[0m 230.832 ms - 108[0m
[0mPOST /api/v1/users/login [32m200[0m 378.697 ms - 431[0m
[0mPUT /api/v1/books/67207cd49767210b6845e657/photo?file [33m403[0m 15.617 ms - 196[0m
[0mGET /api/v1/books/67207cd49767210b6845e657 [32m200[0m 728.698 ms - 554[0m
[0mPOST /api/v1/users/ [32m200[0m 412.682 ms - 433[0m
[0mPOST /api/v1/users/login [32m200[0m 409.793 ms - 436[0m
[0mGET /api/v1/categories/ [32m200[0m 503.883 ms - 2521[0m
[0mDELETE /api/v1/categories/6714b316129fc69923648406 [32m200[0m 672.897 ms - 217[0m
[0mPOST /api/v1/users/login [32m200[0m 399.720 ms - 431[0m
[0mDELETE /api/v1/categories/6714b304129fc69923648404 [33m403[0m 13.428 ms - 187[0m
[0mGET /api/v1/books?limit=20 [32m200[0m 565.273 ms - 1661[0m
[0mDELETE /api/v1/books/67207cd49767210b6845e657 [33m403[0m 13.213 ms - 187[0m
[0mPOST /api/v1/users/login [32m200[0m 350.633 ms - 436[0m
[0mDELETE /api/v1/books/67207cd49767210b6845e657 [32m200[0m 423.469 ms - 565[0m
[0mGET / [33m404[0m 9.866 ms - 139[0m
[0mGET / [33m404[0m 2.599 ms - 139[0m
[0mGET /api/v1/categories [32m200[0m 554.218 ms - 1818[0m
[0mGET /favicon.ico [33m404[0m 1.466 ms - 150[0m
[0mGET /api/v1/books [32m200[0m 496.107 ms - 1037[0m
[0mPOST /api/v1/users/register [31m500[0m 8.474 ms - 462[0m
[0mPOST /api/v1/users/register [32m200[0m 216.456 ms - 427[0m
[0mGET /api/v1/users/ [33m401[0m 3.985 ms - 94[0m
[0mPOST /api/v1/users/login [32m200[0m 220.435 ms - 436[0m
[0mGET /api/v1/users/ [33m401[0m 6.165 ms - 94[0m
[0mGET /api/v1/users/ [33m401[0m 5.164 ms - 94[0m
[0mPOST /api/v1/users/register [31m500[0m 225.622 ms - 433[0m
[0mPOST /api/v1/users/login [32m200[0m 422.512 ms - 436[0m
[0mGET /api/v1/users/ [33m401[0m 4.122 ms - 94[0m
[0mGET /api/v1/users [33m401[0m 4.363 ms - 94[0m
[0mPOST /api/v1/users/login [32m200[0m 218.544 ms - 436[0m
[0mGET /api/v1/users [33m401[0m 4.149 ms - 94[0m
[0mGET /api/v1/users [32m200[0m 295.913 ms - 643[0m
[0mGET /api/v1/users/6720a8a3ee8a64422b5e3f09 [32m200[0m 186.931 ms - 160[0m
[0mGET /api/v1/users [32m200[0m 280.027 ms - 643[0m
[0mPUT /api/v1/users/6720ee731d4e0278ff297308 [32m200[0m 151.066 ms - 161[0m
[0mPOST /api/v1/users/login [32m200[0m 205.532 ms - 431[0m
[0mPUT /api/v1/users/6720ee731d4e0278ff297308 [33m403[0m 5.301 ms - 187[0m
[0mPOST /api/v1/users/login [32m200[0m 213.673 ms - 436[0m
[0mDELETE /api/v1/users/6720ee731d4e0278ff297308 [32m200[0m 285.499 ms - 162[0m
[0mGET /api/v1/users/6720ee731d4e0278ff297308 [33m400[0m 141.144 ms - 109[0m
[0mPOST /api/v1/users/ [32m200[0m 215.186 ms - 251[0m
[0mPOST /api/v1/users/ [31m500[0m 217.779 ms - 469[0m
[0mPOST /api/v1/users/ [31m500[0m 210.768 ms - 469[0m
[0mPOST /api/v1/users/ [32m200[0m 220.509 ms - 249[0m
[0mPOST /api/v1/users/ [31m500[0m 224.066 ms - 466[0m
[0mPOST /api/v1/users/ [31m500[0m 6.270 ms - 80[0m
[0mGET /api/v1/users [31m500[0m 4.783 ms - 80[0m
[0mPOST /api/v1/users/login [32m200[0m 213.245 ms - 431[0m
[0mGET /api/v1/users [33m403[0m 6.450 ms - 187[0m
[0mPOST /api/v1/users/login [32m200[0m 209.190 ms - 436[0m
[0mGET /api/v1/users [32m200[0m 281.834 ms - 820[0m
[0mDELETE /api/v1/users/6720f3ae1d4e0278ff297320 [32m200[0m 339.308 ms - 176[0m
[0mGET /api/v1/users [32m200[0m 279.398 ms - 667[0m
[0mPOST /api/v1/users/login [32m200[0m 217.328 ms - 431[0m
[0mPOST /api/v1/users/ [33m403[0m 6.572 ms - 187[0m
[0mGET /api/v1/users [33m403[0m 5.272 ms - 187[0m
[0mGET /api/v1/users/6720ee731d4e0278ff297308 [33m403[0m 5.176 ms - 187[0m
[0mPUT /api/v1/users/6720ee731d4e0278ff297308 [33m403[0m 4.436 ms - 187[0m
[0mDELETE /api/v1/users/6720f3ae1d4e0278ff297320 [33m403[0m 7.119 ms - 187[0m
[0mPOST /api/v1/users/login [32m200[0m 203.864 ms - 436[0m
[0mGET /api/v1/users [32m200[0m 284.005 ms - 667[0m
[0mGET /api/v1/users [32m200[0m 351.367 ms - 512[0m
[0mGET /api/v1/users/67209cd792b2c9c4f9640cba/books [32m200[0m 318.825 ms - 103[0m
[0mGET /api/v1/users [32m200[0m 327.269 ms - 512[0m
[0mGET /api/v1/users/6720a8a3ee8a64422b5e3f09/books [32m200[0m 309.233 ms - 103[0m
[0mGET /api/v1/users/6720a8a3ee8a64422b5e3f09/books [32m200[0m 309.494 ms - 103[0m
[0mGET /api/v1/users/67209cd792b2c9c4f9640cba/books [32m200[0m 298.300 ms - 103[0m
[0mGET /api/v1/users/67209cd792b2c9c4f9640cba/books [32m200[0m 636.484 ms - 1510[0m
[0mGET /api/v1/users/6720a8a3ee8a64422b5e3f09/books [0m-[0m - ms - -[0m
[0mGET /api/v1/users/6720a8a3ee8a64422b5e3f09/books [32m200[0m 568.562 ms - 1501[0m
[0mPOST /api/v1/users/login [33m401[0m 411.194 ms - 115[0m
[0mPOST /api/v1/users/login [32m200[0m 417.430 ms - 431[0m
[0mGET /api/v1/users/6720a8a3ee8a64422b5e3f09/books [32m200[0m 582.328 ms - 1501[0m
[0mGET /api/v1/users/6720949d2a38f0b2facdd810/books [32m200[0m 366.326 ms - 103[0m
